# npm audit report

@grpc/grpc-js  <1.8.22
Severity: moderate
@grpc/grpc-js can allocate memory for incoming messages well above configured limits - https://github.com/advisories/GHSA-7v5v-9h63-cj86
fix available via `npm audit fix --force`
Will install tinkoff-sdk-grpc-js@1.3.0, which is a breaking change
node_modules/tinkoff-sdk-grpc-js/node_modules/@grpc/grpc-js
  tinkoff-sdk-grpc-js  >=1.3.1
  Depends on vulnerable versions of @grpc/grpc-js
  node_modules/tinkoff-sdk-grpc-js

apollo-server-core  3.0.0 - 3.12.0
Severity: moderate
apollo-server-core vulnerable to URL-based XSS attack affecting IE11 on default landing page - https://github.com/advisories/GHSA-2fvv-qxrq-7jq6
Batched HTTP requests may set incorrect `cache-control` response header - https://github.com/advisories/GHSA-8r69-3cvp-wxc3
Prevent logging invalid header values - https://github.com/advisories/GHSA-j5g3-5c8r-7qfx
fix available via `npm audit fix --force`
Will install apollo-server-core@3.13.0, which is outside the stated dependency range
node_modules/apollo-server-core

debug  3.2.0 - 3.2.6
Regular Expression Denial of Service in debug - https://github.com/advisories/GHSA-gxpj-cx7g-858c
fix available via `npm audit fix --force`
Will install mocha@11.7.2, which is a breaking change
node_modules/mocha/node_modules/debug
  mocha  5.1.0 - 9.2.1
  Depends on vulnerable versions of debug
  Depends on vulnerable versions of minimatch
  Depends on vulnerable versions of yargs-unparser
  node_modules/mocha

flat  <5.0.1
Severity: critical
flat vulnerable to Prototype Pollution - https://github.com/advisories/GHSA-2j2x-2gpw-g8fm
fix available via `npm audit fix --force`
Will install mocha@11.7.2, which is a breaking change
node_modules/flat
  yargs-unparser  <=1.6.3
  Depends on vulnerable versions of flat
  node_modules/yargs-unparser

form-data  <2.5.4
Severity: critical
form-data uses unsafe random function in form-data for choosing boundary - https://github.com/advisories/GHSA-fjxv-7rqg-78g4
fix available via `npm audit fix --force`
Will install request-promise@0.0.1, which is a breaking change
node_modules/form-data
  request  *
  Depends on vulnerable versions of form-data
  Depends on vulnerable versions of tough-cookie
  node_modules/request
    request-promise  >=0.0.2
    Depends on vulnerable versions of request
    Depends on vulnerable versions of request-promise-core
    Depends on vulnerable versions of tough-cookie
    node_modules/request-promise
    request-promise-core  *
    Depends on vulnerable versions of request
    node_modules/request-promise-core

minimatch  <3.0.5
Severity: high
minimatch ReDoS vulnerability - https://github.com/advisories/GHSA-f8q6-p94x-37v3
fix available via `npm audit fix --force`
Will install mocha@11.7.2, which is a breaking change
node_modules/minimatch


tough-cookie  <4.1.3
Severity: moderate
tough-cookie Prototype Pollution vulnerability - https://github.com/advisories/GHSA-72xf-g2v4-qvf3
fix available via `npm audit fix --force`
Will install request-promise@0.0.1, which is a breaking change
node_modules/tough-cookie

13 vulnerabilities (1 low, 6 moderate, 1 high, 5 critical)

To address all issues (including breaking changes), run:
  npm audit fix --force
