# npm audit report

@grpc/grpc-js  <1.8.22
Severity: moderate
@grpc/grpc-js can allocate memory for incoming messages well above configured limits - https://github.com/advisories/GHSA-7v5v-9h63-cj86
fix available via `npm audit fix --force`
Will install tinkoff-sdk-grpc-js@1.3.0, which is a breaking change
node_modules/tinkoff-sdk-grpc-js/node_modules/@grpc/grpc-js
  tinkoff-sdk-grpc-js  >=1.3.1
  Depends on vulnerable versions of @grpc/grpc-js
  node_modules/tinkoff-sdk-grpc-js

minimatch  <3.0.5
Severity: high
minimatch ReDoS vulnerability - https://github.com/advisories/GHSA-f8q6-p94x-37v3
fix available via `npm audit fix`
node_modules/minimatch

3 vulnerabilities (2 moderate, 1 high)

To address issues that do not require attention, run:
  npm audit fix

To address all issues (including breaking changes), run:
  npm audit fix --force
